<?xml version="1.0" encoding="UTF-8"?>
<!-- Generated by org.testng.reporters.JUnitXMLReporter -->
<testsuite hostname="01hw307568" ignored="0" name="KCOM Test Cases" tests="32" failures="1" timestamp="20 Aug 2018 08:11:56 GMT" time="4891.52" errors="0">
  <testcase name="@BeforeMethod setup" time="83.251" classname="kcom.qa.testcases.MyprofilepageTest">
    <failure type="org.openqa.selenium.WebDriverException" message="unknown error: Element &amp;lt;a id=&amp;quot;pt1:g1l1_3&amp;quot; title=&amp;quot;...&amp;quot; class=&amp;quot;xfx&amp;quot; href=&amp;quot;/my/../main/home.jspx?cc=IN&amp;amp;amp;lc=eng&amp;quot; target=&amp;quot;_self&amp;quot;&amp;gt;Home&amp;lt;/a&amp;gt; is not clickable at point (140, 150). Other element would receive the click: &amp;lt;div class=&amp;quot;x1bl&amp;quot;&amp;gt;...&amp;lt;/div&amp;gt;
  (Session info: chrome=60.0.3112.101)
  (Driver info: chromedriver=2.30.477700 (0057494ad8732195794a7b32078424f92a5fce41),platform=Windows NT 10.0.14393 x86_64) (WARNING: The server did not provide any stacktrace information)
Command duration or timeout: 0 milliseconds
Build info: version: &amp;apos;3.12.0&amp;apos;, revision: &amp;apos;7c6e0b3&amp;apos;, time: &amp;apos;2018-05-08T14:04:26.12Z&amp;apos;
System info: host: &amp;apos;01HW307568&amp;apos;, ip: &amp;apos;172.25.172.123&amp;apos;, os.name: &amp;apos;Windows 10&amp;apos;, os.arch: &amp;apos;amd64&amp;apos;, os.version: &amp;apos;10.0&amp;apos;, java.version: &amp;apos;1.8.0_144&amp;apos;
Driver info: org.openqa.selenium.chrome.ChromeDriver
Capabilities {acceptSslCerts: true, applicationCacheEnabled: false, browserConnectionEnabled: false, browserName: chrome, chrome: {chromedriverVersion: 2.30.477700 (0057494ad87321..., userDataDir: C:\Users\1037110\AppData\Lo...}, cssSelectorsEnabled: true, databaseEnabled: false, handlesAlerts: true, hasTouchScreen: false, javascriptEnabled: true, locationContextEnabled: true, mobileEmulationEnabled: false, nativeEvents: true, networkConnectionEnabled: false, pageLoadStrategy: normal, platform: XP, platformName: XP, rotatable: false, takesHeapSnapshot: true, takesScreenshot: true, unexpectedAlertBehaviour: , unhandledPromptBehavior: , version: 60.0.3112.101, webStorageEnabled: true}
Session ID: 1b3295c11010288309d4aef46d376254">
      <![CDATA[org.openqa.selenium.WebDriverException: unknown error: Element <a id="pt1:g1l1_3" title="..." class="xfx" href="/my/../main/home.jspx?cc=IN&amp;lc=eng" target="_self">Home</a> is not clickable at point (140, 150). Other element would receive the click: <div class="x1bl">...</div>
  (Session info: chrome=60.0.3112.101)
  (Driver info: chromedriver=2.30.477700 (0057494ad8732195794a7b32078424f92a5fce41),platform=Windows NT 10.0.14393 x86_64) (WARNING: The server did not provide any stacktrace information)
Command duration or timeout: 0 milliseconds
Build info: version: '3.12.0', revision: '7c6e0b3', time: '2018-05-08T14:04:26.12Z'
System info: host: '01HW307568', ip: '172.25.172.123', os.name: 'Windows 10', os.arch: 'amd64', os.version: '10.0', java.version: '1.8.0_144'
Driver info: org.openqa.selenium.chrome.ChromeDriver
Capabilities {acceptSslCerts: true, applicationCacheEnabled: false, browserConnectionEnabled: false, browserName: chrome, chrome: {chromedriverVersion: 2.30.477700 (0057494ad87321..., userDataDir: C:\Users\1037110\AppData\Lo...}, cssSelectorsEnabled: true, databaseEnabled: false, handlesAlerts: true, hasTouchScreen: false, javascriptEnabled: true, locationContextEnabled: true, mobileEmulationEnabled: false, nativeEvents: true, networkConnectionEnabled: false, pageLoadStrategy: normal, platform: XP, platformName: XP, rotatable: false, takesHeapSnapshot: true, takesScreenshot: true, unexpectedAlertBehaviour: , unhandledPromptBehavior: , version: 60.0.3112.101, webStorageEnabled: true}
Session ID: 1b3295c11010288309d4aef46d376254
	at org.openqa.selenium.remote.ErrorHandler.createThrowable(ErrorHandler.java:214)
	at org.openqa.selenium.remote.ErrorHandler.throwIfResponseFailed(ErrorHandler.java:166)
	at org.openqa.selenium.remote.http.JsonHttpResponseCodec.reconstructValue(JsonHttpResponseCodec.java:40)
	at org.openqa.selenium.remote.http.AbstractHttpResponseCodec.decode(AbstractHttpResponseCodec.java:80)
	at org.openqa.selenium.remote.http.AbstractHttpResponseCodec.decode(AbstractHttpResponseCodec.java:44)
	at org.openqa.selenium.remote.HttpCommandExecutor.execute(HttpCommandExecutor.java:158)
	at org.openqa.selenium.remote.service.DriverCommandExecutor.execute(DriverCommandExecutor.java:83)
	at org.openqa.selenium.remote.RemoteWebDriver.execute(RemoteWebDriver.java:543)
	at org.openqa.selenium.remote.RemoteWebElement.execute(RemoteWebElement.java:276)
	at org.openqa.selenium.remote.RemoteWebElement.click(RemoteWebElement.java:83)
	at org.openqa.selenium.support.events.EventFiringWebDriver$EventFiringWebElement.lambda$new$0(EventFiringWebDriver.java:371)
	at com.sun.proxy.$Proxy8.click(Unknown Source)
	at org.openqa.selenium.support.events.EventFiringWebDriver$EventFiringWebElement.click(EventFiringWebDriver.java:383)
	at kcom.qa.pages.Mykesightpage.navigatetomyprofile(Mykesightpage.java:921)
	at kcom.qa.testcases.MyprofilepageTest.setup(MyprofilepageTest.java:28)
... Removed 34 stack frames]]>
    </failure>
  </testcase> <!-- @BeforeMethod setup -->
  <testcase name="@BeforeMethod setup" time="76.127" classname="kcom.qa.testcases.FindApartSearchResultPageTest">
    <failure type="org.openqa.selenium.WebDriverException" message="unknown error: Element &amp;lt;div class=&amp;quot;x109&amp;quot; style=&amp;quot;height:2em&amp;quot;&amp;gt;...&amp;lt;/div&amp;gt; is not clickable at point (267, 254). Other element would receive the click: &amp;lt;div class=&amp;quot;x1bl&amp;quot;&amp;gt;...&amp;lt;/div&amp;gt;
  (Session info: chrome=60.0.3112.101)
  (Driver info: chromedriver=2.30.477700 (0057494ad8732195794a7b32078424f92a5fce41),platform=Windows NT 10.0.14393 x86_64) (WARNING: The server did not provide any stacktrace information)
Command duration or timeout: 0 milliseconds
Build info: version: &amp;apos;3.12.0&amp;apos;, revision: &amp;apos;7c6e0b3&amp;apos;, time: &amp;apos;2018-05-08T14:04:26.12Z&amp;apos;
System info: host: &amp;apos;01HW307568&amp;apos;, ip: &amp;apos;172.25.172.123&amp;apos;, os.name: &amp;apos;Windows 10&amp;apos;, os.arch: &amp;apos;amd64&amp;apos;, os.version: &amp;apos;10.0&amp;apos;, java.version: &amp;apos;1.8.0_144&amp;apos;
Driver info: org.openqa.selenium.chrome.ChromeDriver
Capabilities {acceptSslCerts: true, applicationCacheEnabled: false, browserConnectionEnabled: false, browserName: chrome, chrome: {chromedriverVersion: 2.30.477700 (0057494ad87321..., userDataDir: C:\Users\1037110\AppData\Lo...}, cssSelectorsEnabled: true, databaseEnabled: false, handlesAlerts: true, hasTouchScreen: false, javascriptEnabled: true, locationContextEnabled: true, mobileEmulationEnabled: false, nativeEvents: true, networkConnectionEnabled: false, pageLoadStrategy: normal, platform: XP, platformName: XP, rotatable: false, takesHeapSnapshot: true, takesScreenshot: true, unexpectedAlertBehaviour: , unhandledPromptBehavior: , version: 60.0.3112.101, webStorageEnabled: true}
Session ID: 5c2e605970344cebf7178d9e7b9c9a94">
      <![CDATA[org.openqa.selenium.WebDriverException: unknown error: Element <div class="x109" style="height:2em">...</div> is not clickable at point (267, 254). Other element would receive the click: <div class="x1bl">...</div>
  (Session info: chrome=60.0.3112.101)
  (Driver info: chromedriver=2.30.477700 (0057494ad8732195794a7b32078424f92a5fce41),platform=Windows NT 10.0.14393 x86_64) (WARNING: The server did not provide any stacktrace information)
Command duration or timeout: 0 milliseconds
Build info: version: '3.12.0', revision: '7c6e0b3', time: '2018-05-08T14:04:26.12Z'
System info: host: '01HW307568', ip: '172.25.172.123', os.name: 'Windows 10', os.arch: 'amd64', os.version: '10.0', java.version: '1.8.0_144'
Driver info: org.openqa.selenium.chrome.ChromeDriver
Capabilities {acceptSslCerts: true, applicationCacheEnabled: false, browserConnectionEnabled: false, browserName: chrome, chrome: {chromedriverVersion: 2.30.477700 (0057494ad87321..., userDataDir: C:\Users\1037110\AppData\Lo...}, cssSelectorsEnabled: true, databaseEnabled: false, handlesAlerts: true, hasTouchScreen: false, javascriptEnabled: true, locationContextEnabled: true, mobileEmulationEnabled: false, nativeEvents: true, networkConnectionEnabled: false, pageLoadStrategy: normal, platform: XP, platformName: XP, rotatable: false, takesHeapSnapshot: true, takesScreenshot: true, unexpectedAlertBehaviour: , unhandledPromptBehavior: , version: 60.0.3112.101, webStorageEnabled: true}
Session ID: 5c2e605970344cebf7178d9e7b9c9a94
	at org.openqa.selenium.remote.ErrorHandler.createThrowable(ErrorHandler.java:214)
	at org.openqa.selenium.remote.ErrorHandler.throwIfResponseFailed(ErrorHandler.java:166)
	at org.openqa.selenium.remote.http.JsonHttpResponseCodec.reconstructValue(JsonHttpResponseCodec.java:40)
	at org.openqa.selenium.remote.http.AbstractHttpResponseCodec.decode(AbstractHttpResponseCodec.java:80)
	at org.openqa.selenium.remote.http.AbstractHttpResponseCodec.decode(AbstractHttpResponseCodec.java:44)
	at org.openqa.selenium.remote.HttpCommandExecutor.execute(HttpCommandExecutor.java:158)
	at org.openqa.selenium.remote.service.DriverCommandExecutor.execute(DriverCommandExecutor.java:83)
	at org.openqa.selenium.remote.RemoteWebDriver.execute(RemoteWebDriver.java:543)
	at org.openqa.selenium.remote.RemoteWebElement.execute(RemoteWebElement.java:276)
	at org.openqa.selenium.remote.RemoteWebElement.click(RemoteWebElement.java:83)
	at org.openqa.selenium.support.events.EventFiringWebDriver$EventFiringWebElement.lambda$new$0(EventFiringWebDriver.java:371)
	at com.sun.proxy.$Proxy8.click(Unknown Source)
	at org.openqa.selenium.support.events.EventFiringWebDriver$EventFiringWebElement.click(EventFiringWebDriver.java:383)
	at org.openqa.selenium.support.pagefactory.internal.LocatingElementHandler.invoke(LocatingElementHandler.java:51)
	at com.sun.proxy.$Proxy12.click(Unknown Source)
	at kcom.qa.pages.Mykesightpage.myKfindapart(Mykesightpage.java:676)
	at kcom.qa.testcases.FindApartSearchResultPageTest.setup(FindApartSearchResultPageTest.java:31)
... Removed 37 stack frames]]>
    </failure>
  </testcase> <!-- @BeforeMethod setup -->
  <testcase name="@BeforeMethod setup" time="0.0" classname="kcom.qa.testcases.MyprofilepageTest">
    <skipped/>
  </testcase> <!-- @BeforeMethod setup -->
  <testcase name="@BeforeMethod setup" time="0.0" classname="kcom.qa.testcases.FindApartSearchResultPageTest">
    <skipped/>
  </testcase> <!-- @BeforeMethod setup -->
  <testcase name="@BeforeMethod setup" time="0.0" classname="kcom.qa.testcases.MyprofilepageTest">
    <skipped/>
  </testcase> <!-- @BeforeMethod setup -->
  <testcase name="ValidateloginerrormsgTest" time="3.375" classname="kcom.qa.testcases.Login_errorpageTest"/>
  <testcase name="LoginandLogoutfromHomepageTest" time="77.48" classname="kcom.qa.testcases.HomepageTest"/>
  <testcase name="mydownloadhistoryTest" time="87.694" classname="kcom.qa.testcases.MydownloadsTest"/>
  <testcase name="Alltestcases" time="134.166" classname="kcom.qa.testcases.MykeysightpageTest"/>
  <testcase name="ValidateproductpageTest" time="74.551" classname="kcom.qa.testcases.MyKPortalTest"/>
  <testcase name="validateallWebelementTest" time="7.178" classname="kcom.qa.testcases.FindApartSearchPageTest"/>
  <testcase name="validateALLwebelementsTest" time="16.754" classname="kcom.qa.testcases.FindApartSearchResultPageTest"/>
  <testcase name="updateprofileTest" time="46.715" classname="kcom.qa.testcases.MyprofilepageTest"/>
  <testcase name="errormsgforinvalidPOandORDERnumTest" time="2.101" classname="kcom.qa.testcases.MykeysightpageTest"/>
  <testcase name="ValidateMyDownloadTest" time="153.354" classname="kcom.qa.testcases.MydownloadsTest"/>
  <testcase name="watchlistloggedinviewTest" time="154.198" classname="kcom.qa.testcases.MyKPortalTest"/>
  <testcase name="FindBypartTest" time="7.267" classname="kcom.qa.testcases.FindApartSearchPageTest"/>
  <testcase name="validateSortingTest" time="7.064" classname="kcom.qa.testcases.FindApartSearchResultPageTest"/>
  <testcase name="profilepageUITest" time="1.373" classname="kcom.qa.testcases.MyprofilepageTest"/>
  <testcase name="loginTest" time="135.76" classname="kcom.qa.testcases.MykeysightpageTest"/>
  <testcase name="watchlistloggedoutviewTest" time="132.832" classname="kcom.qa.testcases.MyKPortalTest"/>
  <testcase name="FindByproductTest" time="2.654" classname="kcom.qa.testcases.FindApartSearchPageTest"/>
  <testcase name="validatevewdropdownTest" time="7.61" classname="kcom.qa.testcases.FindApartSearchResultPageTest"/>
  <testcase name="ExpandANDpreferenceTest" time="0.391" classname="kcom.qa.testcases.MyprofilepageTest">
    <skipped/>
  </testcase> <!-- ExpandANDpreferenceTest -->
  <testcase name="clikonhelpbtnTest" time="22.622" classname="kcom.qa.testcases.MykeysightpageTest"/>
  <testcase name="validateAddtocartforUSTest" time="0.0" classname="kcom.qa.testcases.FindApartSearchResultPageTest">
    <skipped/>
  </testcase> <!-- validateAddtocartforUSTest -->
  <testcase name="watchlistpublicviewTest" time="73.228" classname="kcom.qa.testcases.MyKPortalTest"/>
  <testcase name="validatepersonalinformationTest" time="0.0" classname="kcom.qa.testcases.MyprofilepageTest">
    <skipped/>
  </testcase> <!-- validatepersonalinformationTest -->
  <testcase name="validationofproductcolumnTest" time="1.882" classname="kcom.qa.testcases.MykeysightpageTest"/>
  <testcase name="ADDtoCARTTEst" time="0.0" classname="kcom.qa.testcases.FindApartSearchResultPageTest">
    <skipped/>
  </testcase> <!-- ADDtoCARTTEst -->
  <testcase name="MYKPUBLICviewTest" time="2.224" classname="kcom.qa.testcases.MyKPortalTest"/>
  <testcase name="validatecapabilityTest" time="0.0" classname="kcom.qa.testcases.MyprofilepageTest">
    <skipped/>
  </testcase> <!-- validatecapabilityTest -->
  <testcase name="validationfor2charTest" time="15.109" classname="kcom.qa.testcases.MykeysightpageTest">
    <failure type="java.lang.AssertionError" message="expected [true] but found [false]">
      <![CDATA[java.lang.AssertionError: expected [true] but found [false]
	at kcom.qa.pages.Mykesightpage.validationfor2char(Mykesightpage.java:694)
	at kcom.qa.testcases.MykeysightpageTest.validationfor2charTest(MykeysightpageTest.java:82)
... Removed 29 stack frames]]>
    </failure>
  </testcase> <!-- validationfor2charTest -->
  <testcase name="MYKloggedinviewTest" time="57.136" classname="kcom.qa.testcases.MyKPortalTest"/>
  <testcase name="wrongpartnumTest" time="2.089" classname="kcom.qa.testcases.MykeysightpageTest"/>
  <testcase name="MYKRememberedviewTest" time="83.471" classname="kcom.qa.testcases.MyKPortalTest"/>
  <testcase name="clickonadvancefindapartTest" time="3.852" classname="kcom.qa.testcases.MykeysightpageTest"/>
</testsuite> <!-- KCOM Test Cases -->
