<?xml version="1.0" encoding="UTF-8"?>
<!-- Generated by org.testng.reporters.JUnitXMLReporter -->
<testsuite hostname="DESKTOP-V6EGN7R" ignored="0" name="KCOM.Mykeysight Test Cases" tests="46" failures="1" timestamp="22 Sep 2018 16:31:31 GMT" time="4179.762" errors="0">
  <testcase name="LoginandLogoutfromHomepageTest" time="72.303" classname="kcom.qa.testcases.HomepageTest"/>
  <testcase name="ValidateloginerrormsgTest" time="113.856" classname="kcom.qa.testcases.Login_errorpageTest"/>
  <testcase name="Eventsectionvalidation" time="19.719" classname="kcom.CIA.testcases.Event_sectionTest"/>
  <testcase name="HowToBuyCheck" time="155.826" classname="kcom.CIA.testcases.HowtoBuyTest">
    <skipped/>
  </testcase> <!-- HowToBuyCheck -->
  <testcase name="HowToBuyCheck" time="114.918" classname="kcom.CIA.testcases.HowtoBuyTest"/>
  <testcase name="CompareProductTest" time="46.81" classname="kcom.CIA.testcases.Oscilloscopes_LandingpageTest"/>
  <testcase name="CompareSeriesTest" time="48.898" classname="kcom.CIA.testcases.Oscilloscopes_LandingpageTest"/>
  <testcase name="HomepagelayoutTest" time="74.365" classname="kcom.CIA.testcases.Oscilloscopes_LandingpageTest"/>
  <testcase name="ProductsAndServiceLandingTest" time="42.877" classname="kcom.CIA.testcases.Oscilloscopes_LandingpageTest"/>
  <testcase name="RequestQuoteTest" time="61.154" classname="kcom.CIA.testcases.Oscilloscopes_LandingpageTest"/>
  <testcase name="validationofHeroimageTest" time="41.265" classname="kcom.CIA.testcases.Oscilloscopes_LandingpageTest"/>
  <testcase name="HowToBuyCheck" time="58.012" classname="kcom.CIA.testcases.TechSupportTest"/>
  <testcase name="Alltestcases" time="115.424" classname="kcom.qa.testcases.MykeysightpageTest"/>
  <testcase name="mydownloadhistoryTest" time="68.407" classname="kcom.qa.testcases.MydownloadsTest">
    <skipped/>
  </testcase> <!-- mydownloadhistoryTest -->
  <testcase name="mydownloadhistoryTest" time="105.545" classname="kcom.qa.testcases.MydownloadsTest"/>
  <testcase name="ValidateproductpageTest" time="59.675" classname="kcom.qa.testcases.MyKPortalTest"/>
  <testcase name="validateallWebelementTest" time="45.94" classname="kcom.qa.testcases.FindApartSearchPageTest"/>
  <testcase name="validateALLwebelementsTest" time="42.412" classname="kcom.qa.testcases.FindApartSearchResultPageTest"/>
  <testcase name="updateprofileTest" time="111.321" classname="kcom.qa.testcases.MyprofilepageTest"/>
  <testcase name="errormsgforinvalidPOandORDERnumTest" time="25.047" classname="kcom.qa.testcases.MykeysightpageTest"/>
  <testcase name="ValidateMyDownloadTest" time="128.134" classname="kcom.qa.testcases.MydownloadsTest"/>
  <testcase name="watchlistloggedinviewTest" time="120.08" classname="kcom.qa.testcases.MyKPortalTest"/>
  <testcase name="FindBypartTest" time="61.507" classname="kcom.qa.testcases.FindApartSearchPageTest"/>
  <testcase name="validateSortingTest" time="65.592" classname="kcom.qa.testcases.FindApartSearchResultPageTest"/>
  <testcase name="profilepageUITest" time="83.333" classname="kcom.qa.testcases.MyprofilepageTest"/>
  <testcase name="loginTest" time="129.446" classname="kcom.qa.testcases.MykeysightpageTest"/>
  <testcase name="watchlistloggedoutviewTest" time="173.121" classname="kcom.qa.testcases.MyKPortalTest"/>
  <testcase name="FindByproductTest" time="57.325" classname="kcom.qa.testcases.FindApartSearchPageTest"/>
  <testcase name="validatevewdropdownTest" time="50.272" classname="kcom.qa.testcases.FindApartSearchResultPageTest">
    <skipped/>
  </testcase> <!-- validatevewdropdownTest -->
  <testcase name="validatevewdropdownTest" time="76.31" classname="kcom.qa.testcases.FindApartSearchResultPageTest">
    <skipped/>
  </testcase> <!-- validatevewdropdownTest -->
  <testcase name="validatevewdropdownTest" time="544.789" classname="kcom.qa.testcases.FindApartSearchResultPageTest">
    <failure type="org.openqa.selenium.TimeoutException" message="timeout
  (Session info: chrome=69.0.3497.100)
  (Driver info: chromedriver=2.37.544315 (730aa6a5fdba159ac9f4c1e8cbc59bf1b5ce12b7),platform=Windows NT 10.0.17134 x86_64) (WARNING: The server did not provide any stacktrace information)
Command duration or timeout: 0 milliseconds
Build info: version: &amp;apos;3.12.0&amp;apos;, revision: &amp;apos;7c6e0b3&amp;apos;, time: &amp;apos;2018-05-08T14:04:26.12Z&amp;apos;
System info: host: &amp;apos;DESKTOP-V6EGN7R&amp;apos;, ip: &amp;apos;192.168.0.10&amp;apos;, os.name: &amp;apos;Windows 10&amp;apos;, os.arch: &amp;apos;amd64&amp;apos;, os.version: &amp;apos;10.0&amp;apos;, java.version: &amp;apos;1.8.0_151&amp;apos;
Driver info: org.openqa.selenium.chrome.ChromeDriver
Capabilities {acceptInsecureCerts: false, acceptSslCerts: false, applicationCacheEnabled: false, browserConnectionEnabled: false, browserName: chrome, chrome: {chromedriverVersion: 2.37.544315 (730aa6a5fdba15..., userDataDir: C:\Users\HP\AppData\Local\T...}, cssSelectorsEnabled: true, databaseEnabled: false, handlesAlerts: true, hasTouchScreen: false, javascriptEnabled: true, locationContextEnabled: true, mobileEmulationEnabled: false, nativeEvents: true, networkConnectionEnabled: false, pageLoadStrategy: normal, platform: XP, platformName: XP, rotatable: false, setWindowRect: true, takesHeapSnapshot: true, takesScreenshot: true, unexpectedAlertBehaviour: , unhandledPromptBehavior: , version: 69.0.3497.100, webStorageEnabled: true}
Session ID: 5df326d53cfb2b907babaee6ac04f2c4">
      <![CDATA[org.openqa.selenium.TimeoutException: timeout
  (Session info: chrome=69.0.3497.100)
  (Driver info: chromedriver=2.37.544315 (730aa6a5fdba159ac9f4c1e8cbc59bf1b5ce12b7),platform=Windows NT 10.0.17134 x86_64) (WARNING: The server did not provide any stacktrace information)
Command duration or timeout: 0 milliseconds
Build info: version: '3.12.0', revision: '7c6e0b3', time: '2018-05-08T14:04:26.12Z'
System info: host: 'DESKTOP-V6EGN7R', ip: '192.168.0.10', os.name: 'Windows 10', os.arch: 'amd64', os.version: '10.0', java.version: '1.8.0_151'
Driver info: org.openqa.selenium.chrome.ChromeDriver
Capabilities {acceptInsecureCerts: false, acceptSslCerts: false, applicationCacheEnabled: false, browserConnectionEnabled: false, browserName: chrome, chrome: {chromedriverVersion: 2.37.544315 (730aa6a5fdba15..., userDataDir: C:\Users\HP\AppData\Local\T...}, cssSelectorsEnabled: true, databaseEnabled: false, handlesAlerts: true, hasTouchScreen: false, javascriptEnabled: true, locationContextEnabled: true, mobileEmulationEnabled: false, nativeEvents: true, networkConnectionEnabled: false, pageLoadStrategy: normal, platform: XP, platformName: XP, rotatable: false, setWindowRect: true, takesHeapSnapshot: true, takesScreenshot: true, unexpectedAlertBehaviour: , unhandledPromptBehavior: , version: 69.0.3497.100, webStorageEnabled: true}
Session ID: 5df326d53cfb2b907babaee6ac04f2c4
	at org.openqa.selenium.remote.ErrorHandler.createThrowable(ErrorHandler.java:214)
	at org.openqa.selenium.remote.ErrorHandler.throwIfResponseFailed(ErrorHandler.java:166)
	at org.openqa.selenium.remote.http.JsonHttpResponseCodec.reconstructValue(JsonHttpResponseCodec.java:40)
	at org.openqa.selenium.remote.http.AbstractHttpResponseCodec.decode(AbstractHttpResponseCodec.java:80)
	at org.openqa.selenium.remote.http.AbstractHttpResponseCodec.decode(AbstractHttpResponseCodec.java:44)
	at org.openqa.selenium.remote.HttpCommandExecutor.execute(HttpCommandExecutor.java:158)
	at org.openqa.selenium.remote.service.DriverCommandExecutor.execute(DriverCommandExecutor.java:83)
	at org.openqa.selenium.remote.RemoteWebDriver.execute(RemoteWebDriver.java:543)
	at org.openqa.selenium.remote.RemoteWebDriver.get(RemoteWebDriver.java:271)
	at org.openqa.selenium.support.events.EventFiringWebDriver.lambda$new$1(EventFiringWebDriver.java:103)
	at com.sun.proxy.$Proxy7.get(Unknown Source)
	at org.openqa.selenium.support.events.EventFiringWebDriver.get(EventFiringWebDriver.java:161)
	at kcom.qa.base.Testbase.Prerequities(Testbase.java:78)
	at kcom.qa.pages.FindApartSearchResultPage.Stratmethod(FindApartSearchResultPage.java:116)
	at kcom.qa.testcases.FindApartSearchResultPageTest.validatevewdropdownTest(FindApartSearchResultPageTest.java:48)
... Removed 32 stack frames]]>
    </failure>
  </testcase> <!-- validatevewdropdownTest -->
  <testcase name="ExpandANDpreferenceTest" time="120.771" classname="kcom.qa.testcases.MyprofilepageTest"/>
  <testcase name="clikonhelpbtnTest" time="55.135" classname="kcom.qa.testcases.MykeysightpageTest"/>
  <testcase name="validateAddtocartforUSTest" time="62.347" classname="kcom.qa.testcases.FindApartSearchResultPageTest"/>
  <testcase name="watchlistpublicviewTest" time="94.387" classname="kcom.qa.testcases.MyKPortalTest"/>
  <testcase name="validatepersonalinformationTest" time="265.17" classname="kcom.qa.testcases.MyprofilepageTest"/>
  <testcase name="validationofproductcolumnTest" time="22.419" classname="kcom.qa.testcases.MykeysightpageTest"/>
  <testcase name="ADDtoCARTTEst" time="21.655" classname="kcom.qa.testcases.FindApartSearchResultPageTest">
    <skipped/>
  </testcase> <!-- ADDtoCARTTEst -->
  <testcase name="ADDtoCARTTEst" time="40.416" classname="kcom.qa.testcases.FindApartSearchResultPageTest"/>
  <testcase name="MYKPUBLICviewTest" time="23.873" classname="kcom.qa.testcases.MyKPortalTest"/>
  <testcase name="validatecapabilityTest" time="121.57" classname="kcom.qa.testcases.MyprofilepageTest"/>
  <testcase name="validationfor2charTest" time="37.316" classname="kcom.qa.testcases.MykeysightpageTest"/>
  <testcase name="MYKloggedinviewTest" time="62.679" classname="kcom.qa.testcases.MyKPortalTest"/>
  <testcase name="wrongpartnumTest" time="25.833" classname="kcom.qa.testcases.MykeysightpageTest"/>
  <testcase name="MYKRememberedviewTest" time="70.821" classname="kcom.qa.testcases.MyKPortalTest"/>
  <testcase name="clickonadvancefindapartTest" time="26.528" classname="kcom.qa.testcases.MykeysightpageTest"/>
</testsuite> <!-- KCOM.Mykeysight Test Cases -->
